Checking for new versions...

2026-05-15 21:40:15   --> charge.succeeded [evt_3TXQehRseiBfcXZh0dbWzw0Q]
2026-05-15 21:40:15  <--  [500] POST http://localhost:8000/api/stripe/webhook [evt_3TXQehRseiBfcXZh0dbWzw0Q]
2026-05-15 21:40:15   --> payment_intent.succeeded [evt_3TXQehRseiBfcXZh0azq6MkU]
2026-05-15 21:40:15            [ERROR] Failed to POST: Post "http://localhost:8000/api/stripe/webhook": read tcp 127.0.0.1:63857->127.0.0.1:8000: wsarecv: An existing connection was forcibly closed by the remote host.

2026-05-15 21:40:15   --> payment_intent.created [evt_3TXQehRseiBfcXZh01Rt2eMq]
2026-05-15 21:40:15  <--  [500] POST http://localhost:8000/api/stripe/webhook [evt_3TXQehRseiBfcXZh01Rt2eMq]
2026-05-15 21:40:18   --> charge.updated [evt_3TXQehRseiBfcXZh06H9fKGt]
2026-05-15 21:40:18  <--  [500] POST http://localhost:8000/api/stripe/webhook [evt_3TXQehRseiBfcXZh06H9fKGt]
2026-05-15 21:40:53   --> charge.succeeded [evt_3TXQfIRseiBfcXZh0LhnijMf]
2026-05-15 21:40:53  <--  [500] POST http://localhost:8000/api/stripe/webhook [evt_3TXQfIRseiBfcXZh0LhnijMf]
2026-05-15 21:40:53   --> payment_intent.succeeded [evt_3TXQfIRseiBfcXZh0mxTURuP]
2026-05-15 21:40:53  <--  [500] POST http://localhost:8000/api/stripe/webhook [evt_3TXQfIRseiBfcXZh0mxTURuP]
2026-05-15 21:40:53   --> payment_intent.created [evt_3TXQfIRseiBfcXZh0jGCRsiV]
2026-05-15 21:40:53  <--  [500] POST http://localhost:8000/api/stripe/webhook [evt_3TXQfIRseiBfcXZh0jGCRsiV]
2026-05-15 21:40:55   --> charge.updated [evt_3TXQfIRseiBfcXZh0k0EBEGB]
2026-05-15 21:40:55  <--  [500] POST http://localhost:8000/api/stripe/webhook [evt_3TXQfIRseiBfcXZh0k0EBEGB]
2026-05-15 21:41:38   --> charge.succeeded [evt_3TXQg2RseiBfcXZh12lJiqYw]
2026-05-15 21:41:38  <--  [500] POST http://localhost:8000/api/stripe/webhook [evt_3TXQg2RseiBfcXZh12lJiqYw]
2026-05-15 21:41:38   --> payment_intent.succeeded [evt_3TXQg2RseiBfcXZh1MY95o0g]
2026-05-15 21:41:38  <--  [500] POST http://localhost:8000/api/stripe/webhook [evt_3TXQg2RseiBfcXZh1MY95o0g]
2026-05-15 21:41:39   --> payment_intent.created [evt_3TXQg2RseiBfcXZh1KzGihRb]
2026-05-15 21:41:39  <--  [500] POST http://localhost:8000/api/stripe/webhook [evt_3TXQg2RseiBfcXZh1KzGihRb]
2026-05-15 21:41:41   --> charge.updated [evt_3TXQg2RseiBfcXZh1So9I9hc]
2026-05-15 21:41:41  <--  [500] POST http://localhost:8000/api/stripe/webhook [evt_3TXQg2RseiBfcXZh1So9I9hc]
2026-05-15 21:43:31   --> charge.succeeded [evt_3TXQhrRseiBfcXZh1m3Nzm4T]
2026-05-15 21:43:31  <--  [500] POST http://localhost:8000/api/stripe/webhook [evt_3TXQhrRseiBfcXZh1m3Nzm4T]
2026-05-15 21:43:31   --> payment_intent.succeeded [evt_3TXQhrRseiBfcXZh1xXVVmcj]
2026-05-15 21:43:31  <--  [500] POST http://localhost:8000/api/stripe/webhook [evt_3TXQhrRseiBfcXZh1xXVVmcj]
2026-05-15 21:43:32   --> payment_intent.created [evt_3TXQhrRseiBfcXZh1YUGX80e]
2026-05-15 21:43:32  <--  [500] POST http://localhost:8000/api/stripe/webhook [evt_3TXQhrRseiBfcXZh1YUGX80e]
2026-05-15 21:43:34   --> charge.updated [evt_3TXQhrRseiBfcXZh1a5hSE4Y]
2026-05-15 21:43:34  <--  [500] POST http://localhost:8000/api/stripe/webhook [evt_3TXQhrRseiBfcXZh1a5hSE4Y]
2026-05-15 21:44:02   --> payment_intent.succeeded [evt_3TXQiLRseiBfcXZh1XpFCA0O]
2026-05-15 21:44:02  <--  [500] POST http://localhost:8000/api/stripe/webhook [evt_3TXQiLRseiBfcXZh1XpFCA0O]
2026-05-15 21:44:02   --> charge.succeeded [evt_3TXQiLRseiBfcXZh1yZ3XSl4]
2026-05-15 21:44:02  <--  [500] POST http://localhost:8000/api/stripe/webhook [evt_3TXQiLRseiBfcXZh1yZ3XSl4]
2026-05-15 21:44:03   --> payment_intent.created [evt_3TXQiLRseiBfcXZh11moWBfS]
2026-05-15 21:44:03  <--  [500] POST http://localhost:8000/api/stripe/webhook [evt_3TXQiLRseiBfcXZh11moWBfS]
2026-05-15 21:44:04   --> charge.updated [evt_3TXQiLRseiBfcXZh1Q0liHGn]
2026-05-15 21:44:04  <--  [500] POST http://localhost:8000/api/stripe/webhook [evt_3TXQiLRseiBfcXZh1Q0liHGn]
2026-05-15 21:50:02   --> payment_intent.created [evt_3TXQoARseiBfcXZh0MbPr8Ru]
2026-05-15 21:50:02  <--  [500] POST http://localhost:8000/api/stripe/webhook [evt_3TXQoARseiBfcXZh0MbPr8Ru]
